#
# A fatal error has been detected by the Java Runtime Environment:
#
#  EXCEPTION_ACCESS_VIOLATION (0xc0000005) at pc=0x0000000073a7cb3b, pid=10024, tid=0x0000000000002d38
#
# JRE version: Java(TM) SE Runtime Environment (8.0_171-b11) (build 1.8.0_171-b11)
# Java VM: Java HotSpot(TM) 64-Bit Server VM (25.171-b11 mixed mode windows-amd64 compressed oops)
# Problematic frame:
# C  [jfxwebkit.dll+0x6dcb3b]
#
# Failed to write core dump. Minidumps are not enabled by default on client versions of Windows
#
# If you would like to submit a bug report, please visit:
#   http://bugreport.java.com/bugreport/crash.jsp
# The crash happened outside the Java Virtual Machine in native code.
# See problematic frame for where to report the bug.
#

---------------  T H R E A D  ---------------

Current thread (0x000000001b0c2000):  JavaThread "AWT-EventQueue-0" [_thread_in_native, id=11576, stack(0x000000001c3c0000,0x000000001c4c0000)]

siginfo: ExceptionCode=0xc0000005, reading address 0xffffffffffffffff

Registers:
RAX=0x0000000000000000, RBX=0x0000000000000000, RCX=0x000000002a8a0410, RDX=0x000000001c4b8360
RSP=0x000000001c4b8340, RBP=0x000000001c4b8510, RSI=0x0000000000000000, RDI=0x000000002a8a0410
R8 =0x0000000000000000, R9 =0x00000000747f93e8, R10=0x0000000000080601, R11=0x0000000000000000
R12=0x0000000000000000, R13=0x0000000100111fe8, R14=0x000000001c4bd120, R15=0x0000000000000000
RIP=0x0000000073a7cb3b, EFLAGS=0x0000000000010206

Top of Stack: (sp=0x000000001c4b8340)
0x000000001c4b8340:   000000001c4b8510 000000002a8a0410
0x000000001c4b8350:   0000000000000000 0000000026b25040
0x000000001c4b8360:   0000000026b25040 0000000000000003
0x000000001c4b8370:   0000000026b25040 00000000739f9009
0x000000001c4b8380:   000000002a8a0410 0000000000000000
0x000000001c4b8390:   000000002a95f360 0000000000000000
0x000000001c4b83a0:   000000002a8a0410 0000000073a7d7b8
0x000000001c4b83b0:   000000002a8a0410 000000002a6eec10
0x000000001c4b83c0:   000000001c4bd120 000000002a8a0410
0x000000001c4b83d0:   000000002adf11d0 0000000073a7a5ae
0x000000001c4b83e0:   000000002a8a0410 000000002adf11d0
0x000000001c4b83f0:   000000002a6eec10 0000000000000006
0x000000001c4b8400:   0000000000000000 0000000073b474da
0x000000001c4b8410:   000000002adf11d0 000000002af3e5a0
0x000000001c4b8420:   000000002a6eec10 00000000762f9368
0x000000001c4b8430:   000000002af3e5a0 000000001c4b8450 

Instructions: (pc=0x0000000073a7cb3b)
0x0000000073a7cb1b:   75 3b 48 8b cf 48 89 5c 24 40 e8 46 d2 ff ff 4c
0x0000000073a7cb2b:   8b 0f 48 8d 54 24 20 4c 8b c0 48 8b cf 48 8b d8
0x0000000073a7cb3b:   41 ff 91 28 04 00 00 41 b1 01 48 8b d3 4c 8b c0
0x0000000073a7cb4b:   48 8b cf e8 3d 03 00 00 48 8b 5c 24 40 48 83 c4 


Register to memory mapping:

RAX=0x0000000000000000 is an unknown value
RBX=0x0000000000000000 is an unknown value
RCX=0x000000002a8a0410 is an unknown value
RDX=0x000000001c4b8360 is pointing into the stack for thread: 0x000000001b0c2000
RSP=0x000000001c4b8340 is pointing into the stack for thread: 0x000000001b0c2000
RBP=0x000000001c4b8510 is pointing into the stack for thread: 0x000000001b0c2000
RSI=0x0000000000000000 is an unknown value
RDI=0x000000002a8a0410 is an unknown value
R8 =0x0000000000000000 is an unknown value
R9 =0x00000000747f93e8 is an unknown value
R10=0x0000000000080601 is an unknown value
R11=0x0000000000000000 is an unknown value
R12=0x0000000000000000 is an unknown value
R13=0x0000000100111fe8 is pointing into metadata
R14=0x000000001c4bd120 is pointing into the stack for thread: 0x000000001b0c2000
R15=0x0000000000000000 is an unknown value


Stack: [0x000000001c3c0000,0x000000001c4c0000],  sp=0x000000001c4b8340,  free space=992k
Native frames: (J=compiled Java code, j=interpreted, Vv=VM code, C=native code)
C  [jfxwebkit.dll+0x6dcb3b]
C  [jfxwebkit.dll+0x659009]
C  [jfxwebkit.dll+0x6dd7b8]
C  [jfxwebkit.dll+0x6da5ae]
C  [jfxwebkit.dll+0x7a74da]
C  [jfxwebkit.dll+0x7a7d4e]
C  [jfxwebkit.dll+0x7a8372]
C  [jfxwebkit.dll+0x7a64db]
C  [jfxwebkit.dll+0x1d5a82]
C  [jfxwebkit.dll+0x1dbb63]
C  [jfxwebkit.dll+0x1db43b]
C  [jfxwebkit.dll+0x1db9a6]
C  [jfxwebkit.dll+0x28b96b]
C  [jfxwebkit.dll+0x8b4077]
C  0x0000000003c211b9

Java frames: (J=compiled Java code, j=interpreted, Vv=VM code)
J 3609  com.sun.webkit.WebPage.twkGetTextLocation(JI)[I (0 bytes) @ 0x0000000003c2113b [0x0000000003c21100+0x3b]
J 3641 C2 sun.awt.windows.WInputMethod$1.run()V (120 bytes) @ 0x0000000003c717f4 [0x0000000003c707e0+0x1014]
J 3628 C2 java.awt.EventQueue$3.run()Ljava/lang/Object; (5 bytes) @ 0x0000000003c38d60 [0x0000000003c38ac0+0x2a0]
v  ~StubRoutines::call_stub
J 485  java.security.AccessController.doPrivileged(Ljava/security/PrivilegedAction;Ljava/security/AccessControlContext;)Ljava/lang/Object; (0 bytes) @ 0x0000000003448be6 [0x0000000003448b80+0x66]
J 3632 C2 java.awt.EventQueue$4.run()Ljava/lang/Object; (5 bytes) @ 0x0000000003c3bce8 [0x0000000003c3bb60+0x188]
v  ~StubRoutines::call_stub
J 485  java.security.AccessController.doPrivileged(Ljava/security/PrivilegedAction;Ljava/security/AccessControlContext;)Ljava/lang/Object; (0 bytes) @ 0x0000000003448be6 [0x0000000003448b80+0x66]
J 3625 C2 java.awt.EventDispatchThread.pumpOneEventForFilters(I)V (190 bytes) @ 0x0000000003c49f68 [0x0000000003c49160+0xe08]
j  java.awt.EventDispatchThread.pumpEventsForFilter(ILjava/awt/Conditional;Ljava/awt/EventFilter;)V+35
j  java.awt.EventDispatchThread.pumpEventsForHierarchy(ILjava/awt/Conditional;Ljava/awt/Component;)V+11
j  java.awt.EventDispatchThread.pumpEvents(ILjava/awt/Conditional;)V+4
j  java.awt.EventDispatchThread.pumpEvents(Ljava/awt/Conditional;)V+3
j  java.awt.EventDispatchThread.run()V+9
v  ~StubRoutines::call_stub

---------------  P R O C E S S  ---------------

Java Threads: ( => current thread )
  0x000000001b541800 JavaThread "URL-Loader-12" daemon [_thread_blocked, id=7640, stack(0x000000002f810000,0x000000002f910000)]
  0x000000001b53d800 JavaThread "Keep-Alive-Timer" daemon [_thread_blocked, id=7208, stack(0x000000002f710000,0x000000002f810000)]
  0x000000001b53f000 JavaThread "URL-Loader-11" daemon [_thread_blocked, id=6296, stack(0x000000002f610000,0x000000002f710000)]
  0x000000001b540800 JavaThread "Disposer" daemon [_thread_blocked, id=16732, stack(0x0000000026700000,0x0000000026800000)]
  0x000000001b537800 JavaThread "Prism Font Disposer" daemon [_thread_blocked, id=4924, stack(0x0000000025e00000,0x0000000025f00000)]
  0x000000001b4a2800 JavaThread "TimerQueue" daemon [_thread_blocked, id=14804, stack(0x0000000024400000,0x0000000024500000)]
  0x000000001b1aa000 JavaThread "Thread-6" daemon [_thread_in_native, id=12360, stack(0x0000000023e00000,0x0000000023f00000)]
  0x000000001b215800 JavaThread "JavaFX Application Thread" [_thread_in_native, id=13244, stack(0x000000001d800000,0x000000001d900000)]
  0x000000001b214000 JavaThread "Thread-5" daemon [_thread_blocked, id=12936, stack(0x000000001d700000,0x000000001d800000)]
  0x000000001b1f0800 JavaThread "QuantumRenderer-0" daemon [_thread_blocked, id=10196, stack(0x000000001d500000,0x000000001d600000)]
  0x000000000313d800 JavaThread "DestroyJavaVM" [_thread_blocked, id=11664, stack(0x0000000002f80000,0x0000000003080000)]
=>0x000000001b0c2000 JavaThread "AWT-EventQueue-0" [_thread_in_native, id=11576, stack(0x000000001c3c0000,0x000000001c4c0000)]
  0x000000001b017800 JavaThread "AWT-Windows" daemon [_thread_in_native, id=14148, stack(0x000000001b9d0000,0x000000001bad0000)]
  0x000000001b014800 JavaThread "AWT-Shutdown" [_thread_blocked, id=17616, stack(0x000000001b8d0000,0x000000001b9d0000)]
  0x000000001b014000 JavaThread "Java2D Disposer" daemon [_thread_blocked, id=15972, stack(0x000000001b7d0000,0x000000001b8d0000)]
  0x000000001a151800 JavaThread "Service Thread" daemon [_thread_blocked, id=9672, stack(0x000000001ac90000,0x000000001ad90000)]
  0x000000001a0c4800 JavaThread "C1 CompilerThread3" daemon [_thread_blocked, id=13872, stack(0x000000001ab90000,0x000000001ac90000)]
  0x000000001a0be800 JavaThread "C2 CompilerThread2" daemon [_thread_blocked, id=13672, stack(0x000000001aa90000,0x000000001ab90000)]
  0x000000001a0bb800 JavaThread "C2 CompilerThread1" daemon [_thread_blocked, id=3464, stack(0x000000001a990000,0x000000001aa90000)]
  0x000000001a0b8000 JavaThread "C2 CompilerThread0" daemon [_thread_blocked, id=10628, stack(0x000000001a890000,0x000000001a990000)]
  0x000000001a0b6800 JavaThread "Attach Listener" daemon [_thread_blocked, id=6192, stack(0x000000001a790000,0x000000001a890000)]
  0x00000000181be000 JavaThread "Signal Dispatcher" daemon [_thread_blocked, id=7444, stack(0x000000001a690000,0x000000001a790000)]
  0x000000000323e800 JavaThread "Finalizer" daemon [_thread_blocked, id=7508, stack(0x000000001a490000,0x000000001a590000)]
  0x0000000003237000 JavaThread "Reference Handler" daemon [_thread_blocked, id=11796, stack(0x0000000019f90000,0x000000001a090000)]

Other Threads:
  0x00000000181aa000 VMThread [stack: 0x0000000019e90000,0x0000000019f90000] [id=19248]
  0x000000001a173800 WatcherThread [stack: 0x000000001ad90000,0x000000001ae90000] [id=11996]

VM state:not at safepoint (normal execution)

VM Mutex/Monitor currently owned by a thread: None

Heap:
 PSYoungGen      total 128000K, used 52527K [0x00000000d5f80000, 0x00000000e4c00000, 0x0000000100000000)
  eden space 109568K, 46% used [0x00000000d5f80000,0x00000000d90c9018,0x00000000dca80000)
  from space 18432K, 11% used [0x00000000dca80000,0x00000000dcc82c00,0x00000000ddc80000)
  to   space 17408K, 0% used [0x00000000e3b00000,0x00000000e3b00000,0x00000000e4c00000)
 ParOldGen       total 62976K, used 8740K [0x0000000081e00000, 0x0000000085b80000, 0x00000000d5f80000)
  object space 62976K, 13% used [0x0000000081e00000,0x0000000082689050,0x0000000085b80000)
 Metaspace       used 30225K, capacity 31358K, committed 31616K, reserved 1077248K
  class space    used 4163K, capacity 4412K, committed 4480K, reserved 1048576K

Card table byte_map: [0x0000000012600000,0x0000000012a00000] byte_map_base: 0x00000000121f1000

Marking Bits: (ParMarkBitMap*) 0x0000000076f108c0
 Begin Bits: [0x00000000134b0000, 0x0000000015438000)
 End Bits:   [0x0000000015438000, 0x00000000173c0000)

Polling page: 0x0000000001290000

CodeCache: size=245760Kb used=10248Kb max_used=10510Kb free=235512Kb
 bounds [0x0000000003240000, 0x0000000003c90000, 0x0000000012240000]
 total_blobs=4348 nmethods=3433 adapters=827
 compilation: enabled

Compilation events (10 events):
Event: 92.292 Thread 0x000000001a0c4800 3796       1       com.sun.javafx.webkit.prism.WCGraphicsPrismContext::shouldCalculateIntersection (2 bytes)
Event: 92.292 Thread 0x000000001a0c4800 nmethod 3796 0x0000000003825490 code [0x00000000038255e0, 0x00000000038256f0]
Event: 92.294 Thread 0x000000001a0c4800 3801  s    1       com.sun.scenario.effect.impl.prism.ps.PPSRenderer::getRendererState (5 bytes)
Event: 92.294 Thread 0x000000001a0c4800 nmethod 3801 0x00000000038d8b10 code [0x00000000038d8c60, 0x00000000038d8ed0]
Event: 92.431 Thread 0x000000001a0c4800 3804       3       com.sun.scenario.animation.shared.TimelineClipCore::playTo (353 bytes)
Event: 92.434 Thread 0x000000001a0c4800 nmethod 3804 0x0000000003a70a90 code [0x0000000003a70d00, 0x0000000003a71bd8]
Event: 92.434 Thread 0x000000001a0c4800 3802       3       javafx.animation.AnimationAccessorImpl::playTo (8 bytes)
Event: 92.435 Thread 0x000000001a0c4800 nmethod 3802 0x0000000003a70590 code [0x0000000003a70700, 0x0000000003a70928]
Event: 92.435 Thread 0x000000001a0c4800 3803       3       javafx.animation.Timeline::impl_playTo (9 bytes)
Event: 92.435 Thread 0x000000001a0c4800 nmethod 3803 0x00000000038d8710 code [0x00000000038d8880, 0x00000000038d8a28]

GC Heap History (10 events):
Event: 31.462 GC heap before
{Heap before GC invocations=4 (full 1):
 PSYoungGen      total 38400K, used 33238K [0x00000000d5f80000, 0x00000000daa80000, 0x0000000100000000)
  eden space 33280K, 99% used [0x00000000d5f80000,0x00000000d7ff5808,0x00000000d8000000)
  from space 5120K, 0% used [0x00000000d8500000,0x00000000d8500000,0x00000000d8a00000)
  to   space 5120K, 0% used [0x00000000d8000000,0x00000000d8000000,0x00000000d8500000)
 ParOldGen       total 62976K, used 8708K [0x0000000081e00000, 0x0000000085b80000, 0x00000000d5f80000)
  object space 62976K, 13% used [0x0000000081e00000,0x0000000082681050,0x0000000085b80000)
 Metaspace       used 23351K, capacity 24096K, committed 24448K, reserved 1071104K
  class space    used 3157K, capacity 3339K, committed 3456K, reserved 1048576K
Event: 31.467 GC heap after
Heap after GC invocations=4 (full 1):
 PSYoungGen      total 38400K, used 1475K [0x00000000d5f80000, 0x00000000da180000, 0x0000000100000000)
  eden space 33280K, 0% used [0x00000000d5f80000,0x00000000d5f80000,0x00000000d8000000)
  from space 5120K, 28% used [0x00000000d8000000,0x00000000d8170c50,0x00000000d8500000)
  to   space 5120K, 0% used [0x00000000d9c80000,0x00000000d9c80000,0x00000000da180000)
 ParOldGen       total 62976K, used 8716K [0x0000000081e00000, 0x0000000085b80000, 0x00000000d5f80000)
  object space 62976K, 13% used [0x0000000081e00000,0x0000000082683050,0x0000000085b80000)
 Metaspace       used 23351K, capacity 24096K, committed 24448K, reserved 1071104K
  class space    used 3157K, capacity 3339K, committed 3456K, reserved 1048576K
}
Event: 31.481 GC heap before
{Heap before GC invocations=5 (full 1):
 PSYoungGen      total 38400K, used 34751K [0x00000000d5f80000, 0x00000000da180000, 0x0000000100000000)
  eden space 33280K, 99% used [0x00000000d5f80000,0x00000000d7fff078,0x00000000d8000000)
  from space 5120K, 28% used [0x00000000d8000000,0x00000000d8170c50,0x00000000d8500000)
  to   space 5120K, 0% used [0x00000000d9c80000,0x00000000d9c80000,0x00000000da180000)
 ParOldGen       total 62976K, used 8716K [0x0000000081e00000, 0x0000000085b80000, 0x00000000d5f80000)
  object space 62976K, 13% used [0x0000000081e00000,0x0000000082683050,0x0000000085b80000)
 Metaspace       used 23351K, capacity 24096K, committed 24448K, reserved 1071104K
  class space    used 3157K, capacity 3339K, committed 3456K, reserved 1048576K
Event: 31.483 GC heap after
Heap after GC invocations=5 (full 1):
 PSYoungGen      total 62464K, used 1460K [0x00000000d5f80000, 0x00000000da600000, 0x0000000100000000)
  eden space 57344K, 0% used [0x00000000d5f80000,0x00000000d5f80000,0x00000000d9780000)
  from space 5120K, 28% used [0x00000000d9c80000,0x00000000d9ded3e8,0x00000000da180000)
  to   space 5120K, 0% used [0x00000000d9780000,0x00000000d9780000,0x00000000d9c80000)
 ParOldGen       total 62976K, used 8724K [0x0000000081e00000, 0x0000000085b80000, 0x00000000d5f80000)
  object space 62976K, 13% used [0x0000000081e00000,0x0000000082685050,0x0000000085b80000)
 Metaspace       used 23351K, capacity 24096K, committed 24448K, reserved 1071104K
  class space    used 3157K, capacity 3339K, committed 3456K, reserved 1048576K
}
Event: 31.505 GC heap before
{Heap before GC invocations=6 (full 1):
 PSYoungGen      total 62464K, used 58770K [0x00000000d5f80000, 0x00000000da600000, 0x0000000100000000)
  eden space 57344K, 99% used [0x00000000d5f80000,0x00000000d97777a8,0x00000000d9780000)
  from space 5120K, 28% used [0x00000000d9c80000,0x00000000d9ded3e8,0x00000000da180000)
  to   space 5120K, 0% used [0x00000000d9780000,0x00000000d9780000,0x00000000d9c80000)
 ParOldGen       total 62976K, used 8724K [0x0000000081e00000, 0x0000000085b80000, 0x00000000d5f80000)
  object space 62976K, 13% used [0x0000000081e00000,0x0000000082685050,0x0000000085b80000)
 Metaspace       used 23352K, capacity 24096K, committed 24448K, reserved 1071104K
  class space    used 3157K, capacity 3339K, committed 3456K, reserved 1048576K
Event: 31.508 GC heap after
Heap after GC invocations=6 (full 1):
 PSYoungGen      total 62464K, used 1563K [0x00000000d5f80000, 0x00000000def80000, 0x0000000100000000)
  eden space 57344K, 0% used [0x00000000d5f80000,0x00000000d5f80000,0x00000000d9780000)
  from space 5120K, 30% used [0x00000000d9780000,0x00000000d9906f28,0x00000000d9c80000)
  to   space 19456K, 0% used [0x00000000ddc80000,0x00000000ddc80000,0x00000000def80000)
 ParOldGen       total 62976K, used 8724K [0x0000000081e00000, 0x0000000085b80000, 0x00000000d5f80000)
  object space 62976K, 13% used [0x0000000081e00000,0x0000000082685050,0x0000000085b80000)
 Metaspace       used 23352K, capacity 24096K, committed 24448K, reserved 1071104K
  class space    used 3157K, capacity 3339K, committed 3456K, reserved 1048576K
}
Event: 31.520 GC heap before
{Heap before GC invocations=7 (full 1):
 PSYoungGen      total 62464K, used 58816K [0x00000000d5f80000, 0x00000000def80000, 0x0000000100000000)
  eden space 57344K, 99% used [0x00000000d5f80000,0x00000000d97690f8,0x00000000d9780000)
  from space 5120K, 30% used [0x00000000d9780000,0x00000000d9906f28,0x00000000d9c80000)
  to   space 19456K, 0% used [0x00000000ddc80000,0x00000000ddc80000,0x00000000def80000)
 ParOldGen       total 62976K, used 8724K [0x0000000081e00000, 0x0000000085b80000, 0x00000000d5f80000)
  object space 62976K, 13% used [0x0000000081e00000,0x0000000082685050,0x0000000085b80000)
 Metaspace       used 23352K, capacity 24096K, committed 24448K, reserved 1071104K
  class space    used 3157K, capacity 3339K, committed 3456K, reserved 1048576K
Event: 31.522 GC heap after
Heap after GC invocations=7 (full 1):
 PSYoungGen      total 128512K, used 1481K [0x00000000d5f80000, 0x00000000def00000, 0x0000000100000000)
  eden space 109568K, 0% used [0x00000000d5f80000,0x00000000d5f80000,0x00000000dca80000)
  from space 18944K, 7% used [0x00000000ddc80000,0x00000000dddf2438,0x00000000def00000)
  to   space 18432K, 0% used [0x00000000dca80000,0x00000000dca80000,0x00000000ddc80000)
 ParOldGen       total 62976K, used 8732K [0x0000000081e00000, 0x0000000085b80000, 0x00000000d5f80000)
  object space 62976K, 13% used [0x0000000081e00000,0x0000000082687050,0x0000000085b80000)
 Metaspace       used 23352K, capacity 24096K, committed 24448K, reserved 1071104K
  class space    used 3157K, capacity 3339K, committed 3456K, reserved 1048576K
}
Event: 32.362 GC heap before
{Heap before GC invocations=8 (full 1):
 PSYoungGen      total 128512K, used 111049K [0x00000000d5f80000, 0x00000000def00000, 0x0000000100000000)
  eden space 109568K, 100% used [0x00000000d5f80000,0x00000000dca80000,0x00000000dca80000)
  from space 18944K, 7% used [0x00000000ddc80000,0x00000000dddf2438,0x00000000def00000)
  to   space 18432K, 0% used [0x00000000dca80000,0x00000000dca80000,0x00000000ddc80000)
 ParOldGen       total 62976K, used 8732K [0x0000000081e00000, 0x0000000085b80000, 0x00000000d5f80000)
  object space 62976K, 13% used [0x0000000081e00000,0x0000000082687050,0x0000000085b80000)
 Metaspace       used 23788K, capacity 24552K, committed 24704K, reserved 1071104K
  class space    used 3212K, capacity 3381K, committed 3456K, reserved 1048576K
Event: 32.369 GC heap after
Heap after GC invocations=8 (full 1):
 PSYoungGen      total 128000K, used 2059K [0x00000000d5f80000, 0x00000000e4c00000, 0x0000000100000000)
  eden space 109568K, 0% used [0x00000000d5f80000,0x00000000d5f80000,0x00000000dca80000)
  from space 18432K, 11% used [0x00000000dca80000,0x00000000dcc82c00,0x00000000ddc80000)
  to   space 17408K, 0% used [0x00000000e3b00000,0x00000000e3b00000,0x00000000e4c00000)
 ParOldGen       total 62976K, used 8740K [0x0000000081e00000, 0x0000000085b80000, 0x00000000d5f80000)
  object space 62976K, 13% used [0x0000000081e00000,0x0000000082689050,0x0000000085b80000)
 Metaspace       used 23788K, capacity 24552K, committed 24704K, reserved 1071104K
  class space    used 3212K, capacity 3381K, committed 3456K, reserved 1048576K
}

Deoptimization events (10 events):
Event: 33.943 Thread 0x000000001b53d800 Uncommon trap: reason=unstable_if action=reinterpret pc=0x0000000003a8d444 method=java.util.Arrays.equals([B[B)Z @ 41
Event: 33.944 Thread 0x000000001b53d800 Uncommon trap: reason=unstable_if action=reinterpret pc=0x00000000035b21b8 method=java.lang.String.indexOf([CII[CIII)I @ 27
Event: 34.496 Thread 0x000000001b215800 Uncommon trap: reason=unstable_if action=reinterpret pc=0x00000000037cc124 method=java.util.concurrent.locks.ReentrantLock$Sync.isHeldExclusively()Z @ 7
Event: 91.531 Thread 0x000000001b215800 Uncommon trap: reason=bimorphic action=maybe_recompile pc=0x00000000039cf7b4 method=java.util.regex.Pattern$Curly.match0(Ljava/util/regex/Matcher;IILjava/lang/CharSequence;)Z @ 141
Event: 91.531 Thread 0x000000001b215800 Uncommon trap: reason=class_check action=maybe_recompile pc=0x00000000039cf634 method=java.util.regex.Pattern$Curly.match0(Ljava/util/regex/Matcher;IILjava/lang/CharSequence;)Z @ 170
Event: 91.669 Thread 0x000000001b215800 Uncommon trap: reason=bimorphic action=maybe_recompile pc=0x00000000039cf7b4 method=java.util.regex.Pattern$Curly.match0(Ljava/util/regex/Matcher;IILjava/lang/CharSequence;)Z @ 141
Event: 91.669 Thread 0x000000001b215800 Uncommon trap: reason=class_check action=maybe_recompile pc=0x00000000039cf634 method=java.util.regex.Pattern$Curly.match0(Ljava/util/regex/Matcher;IILjava/lang/CharSequence;)Z @ 170
Event: 92.117 Thread 0x000000001b215800 Uncommon trap: reason=bimorphic action=maybe_recompile pc=0x00000000039cf7b4 method=java.util.regex.Pattern$Curly.match0(Ljava/util/regex/Matcher;IILjava/lang/CharSequence;)Z @ 141
Event: 92.118 Thread 0x000000001b215800 Uncommon trap: reason=class_check action=maybe_recompile pc=0x00000000039cf634 method=java.util.regex.Pattern$Curly.match0(Ljava/util/regex/Matcher;IILjava/lang/CharSequence;)Z @ 170
Event: 92.238 Thread 0x000000001b215800 Uncommon trap: reason=bimorphic action=maybe_recompile pc=0x00000000039cf7b4 method=java.util.regex.Pattern$Curly.match0(Ljava/util/regex/Matcher;IILjava/lang/CharSequence;)Z @ 141

Classes redefined (0 events):
No events

Internal exceptions (10 events):
Event: 0.393 Thread 0x000000000313d800 Exception <a 'java/lang/ClassNotFoundException': Tree> (0x00000000d6378228) thrown at [C:\re\workspace\8-2-build-windows-amd64-cygwin\jdk8u171\10807\hotspot\src\share\vm\classfile\systemDictionary.cpp, line 210]
Event: 0.393 Thread 0x000000000313d800 Exception <a 'java/lang/ClassNotFoundException': javax/swing/JTreeCell> (0x00000000d63785a8) thrown at [C:\re\workspace\8-2-build-windows-amd64-cygwin\jdk8u171\10807\hotspot\src\share\vm\classfile\systemDictionary.cpp, line 210]
Event: 0.393 Thread 0x000000000313d800 Exception <a 'java/lang/ClassNotFoundException': TreeCell> (0x00000000d6378a30) thrown at [C:\re\workspace\8-2-build-windows-amd64-cygwin\jdk8u171\10807\hotspot\src\share\vm\classfile\systemDictionary.cpp, line 210]
Event: 0.394 Thread 0x000000000313d800 Exception <a 'java/lang/ClassNotFoundException': RootPane> (0x00000000d6379490) thrown at [C:\re\workspace\8-2-build-windows-amd64-cygwin\jdk8u171\10807\hotspot\src\share\vm\classfile\systemDictionary.cpp, line 210]
Event: 4.057 Thread 0x000000001b0c2000 Exception <a 'java/lang/NullPointerException'> (0x00000000d6e020e0) thrown at [C:\re\workspace\8-2-build-windows-amd64-cygwin\jdk8u171\10807\hotspot\src\share\vm\interpreter\linkResolver.cpp, line 1185]
Event: 4.101 Thread 0x000000001b215800 Exception <a 'java/lang/NullPointerException'> (0x00000000d6fbc7c8) thrown at [C:\re\workspace\8-2-build-windows-amd64-cygwin\jdk8u171\10807\hotspot\src\share\vm\interpreter\linkResolver.cpp, line 1185]
Event: 4.101 Thread 0x000000001b215800 Exception <a 'java/lang/NullPointerException'> (0x00000000d6fbc7c8) thrown at [C:\re\workspace\8-2-build-windows-amd64-cygwin\jdk8u171\10807\hotspot\src\share\vm\prims\jvm.cpp, line 1439]
Event: 21.013 Thread 0x000000001b215800 Exception <a 'sun/nio/fs/WindowsException'> (0x00000000d6722140) thrown at [C:\re\workspace\8-2-build-windows-amd64-cygwin\jdk8u171\10807\hotspot\src\share\vm\prims\jni.cpp, line 709]
Event: 21.016 Thread 0x000000001b215800 Exception <a 'sun/nio/fs/WindowsException'> (0x00000000d6723e38) thrown at [C:\re\workspace\8-2-build-windows-amd64-cygwin\jdk8u171\10807\hotspot\src\share\vm\prims\jni.cpp, line 709]
Event: 23.421 Thread 0x000000001b541800 Exception <a 'java/net/UnknownHostException': wasd> (0x00000000d67fc8f8) thrown at [C:\re\workspace\8-2-build-windows-amd64-cygwin\jdk8u171\10807\hotspot\src\share\vm\prims\jni.cpp, line 735]

Events (10 events):
Event: 92.289 Thread 0x000000001a0c4800 flushing nmethod 0x00000000039804d0
Event: 92.289 Thread 0x000000001a0c4800 flushing nmethod 0x000000000398cdd0
Event: 92.289 Thread 0x000000001a0c4800 flushing nmethod 0x000000000398d310
Event: 92.289 Thread 0x000000001a0c4800 flushing nmethod 0x0000000003997d10
Event: 92.290 Thread 0x000000001a0c4800 flushing nmethod 0x00000000039aee50
Event: 92.290 Executing VM operation: RevokeBias
Event: 92.290 Executing VM operation: RevokeBias done
Event: 92.291 Thread 0x000000001a0c4800 flushing nmethod 0x0000000003a70590
Event: 92.291 Thread 0x000000001a0c4800 flushing nmethod 0x0000000003a8d1d0
Event: 92.291 Thread 0x000000001a0c4800 flushing nmethod 0x0000000003b02010


Dynamic libraries:
0x00007ff79fb60000 - 0x00007ff79fb97000 	E:\NetBeans\jdk\bin\java.exe
0x00007ff925f20000 - 0x00007ff92610d000 	C:\WINDOWS\SYSTEM32\ntdll.dll
0x00007ff9231f0000 - 0x00007ff9232a3000 	C:\WINDOWS\System32\KERNEL32.DLL
0x00007ff922960000 - 0x00007ff922bf3000 	C:\WINDOWS\System32\KERNELBASE.dll
0x00007ff925e40000 - 0x00007ff925ee3000 	C:\WINDOWS\System32\ADVAPI32.dll
0x00007ff923a90000 - 0x00007ff923b2e000 	C:\WINDOWS\System32\msvcrt.dll
0x00007ff923150000 - 0x00007ff9231ee000 	C:\WINDOWS\System32\sechost.dll
0x00007ff925b80000 - 0x00007ff925ca2000 	C:\WINDOWS\System32\RPCRT4.dll
0x00007ff923460000 - 0x00007ff9235f7000 	C:\WINDOWS\System32\USER32.dll
0x00007ff922940000 - 0x00007ff922960000 	C:\WINDOWS\System32\win32u.dll
0x00007ff9244f0000 - 0x00007ff924519000 	C:\WINDOWS\System32\GDI32.dll
0x00007ff922c00000 - 0x00007ff922d9a000 	C:\WINDOWS\System32\gdi32full.dll
0x00007ff922e30000 - 0x00007ff922ed0000 	C:\WINDOWS\System32\msvcp_win.dll
0x00007ff922840000 - 0x00007ff92293a000 	C:\WINDOWS\System32\ucrtbase.dll
0x00007ff917500000 - 0x00007ff917779000 	C:\WINDOWS\WinSxS\amd64_microsoft.windows.common-controls_6595b64144ccf1df_6.0.17763.503_none_05b23ef40721f4ae\COMCTL32.dll
0x00007ff923b90000 - 0x00007ff923ebc000 	C:\WINDOWS\System32\combase.dll
0x00007ff922ed0000 - 0x00007ff922f4e000 	C:\WINDOWS\System32\bcryptPrimitives.dll
0x00007ff923600000 - 0x00007ff92362e000 	C:\WINDOWS\System32\IMM32.DLL
0x0000000077bc0000 - 0x0000000077c92000 	E:\NetBeans\jdk\jre\bin\msvcr100.dll
0x00000000766f0000 - 0x0000000076f90000 	E:\NetBeans\jdk\jre\bin\server\jvm.dll
0x00007ff924520000 - 0x00007ff924528000 	C:\WINDOWS\System32\PSAPI.DLL
0x00007ff91d7f0000 - 0x00007ff91d7fa000 	C:\WINDOWS\SYSTEM32\VERSION.dll
0x00007ff918110000 - 0x00007ff918134000 	C:\WINDOWS\SYSTEM32\WINMM.dll
0x00007ff91eda0000 - 0x00007ff91eda9000 	C:\WINDOWS\SYSTEM32\WSOCK32.dll
0x00007ff9239b0000 - 0x00007ff923a1d000 	C:\WINDOWS\System32\WS2_32.dll
0x00007ff9180e0000 - 0x00007ff91810d000 	C:\WINDOWS\SYSTEM32\WINMMBASE.dll
0x00007ff922740000 - 0x00007ff92278a000 	C:\WINDOWS\System32\cfgmgr32.dll
0x0000000050ca0000 - 0x0000000050caf000 	E:\NetBeans\jdk\jre\bin\verify.dll
0x0000000050c70000 - 0x0000000050c99000 	E:\NetBeans\jdk\jre\bin\java.dll
0x0000000050c50000 - 0x0000000050c66000 	E:\NetBeans\jdk\jre\bin\zip.dll
0x00007ff924690000 - 0x00007ff925b80000 	C:\WINDOWS\System32\SHELL32.dll
0x00007ff923630000 - 0x00007ff9236d8000 	C:\WINDOWS\System32\shcore.dll
0x00007ff921ff0000 - 0x00007ff92273a000 	C:\WINDOWS\System32\windows.storage.dll
0x00007ff921f80000 - 0x00007ff921fa4000 	C:\WINDOWS\System32\profapi.dll
0x00007ff921f20000 - 0x00007ff921f7d000 	C:\WINDOWS\System32\powrprof.dll
0x00007ff923a20000 - 0x00007ff923a72000 	C:\WINDOWS\System32\shlwapi.dll
0x00007ff921fd0000 - 0x00007ff921fe1000 	C:\WINDOWS\System32\kernel.appcore.dll
0x00007ff923130000 - 0x00007ff923147000 	C:\WINDOWS\System32\cryptsp.dll
0x0000000077a20000 - 0x0000000077bb8000 	E:\NetBeans\jdk\jre\bin\awt.dll
0x00007ff923330000 - 0x00007ff9233f4000 	C:\WINDOWS\System32\OLEAUT32.dll
0x00007ff91ffd0000 - 0x00007ff92005c000 	C:\WINDOWS\SYSTEM32\apphelp.dll
0x00007ff920260000 - 0x00007ff9202fc000 	C:\WINDOWS\system32\uxtheme.dll
0x00007ff923830000 - 0x00007ff92399a000 	C:\WINDOWS\System32\MSCTF.dll
0x00007ff920540000 - 0x00007ff92056e000 	C:\WINDOWS\system32\dwmapi.dll
0x00007ff922f50000 - 0x00007ff92312b000 	C:\WINDOWS\System32\CRYPT32.dll
0x00007ff921fb0000 - 0x00007ff921fc2000 	C:\WINDOWS\System32\MSASN1.dll
0x00007ff924530000 - 0x00007ff924685000 	C:\WINDOWS\System32\ole32.dll
0x00000000766a0000 - 0x00000000766e7000 	E:\NetBeans\jdk\jre\bin\fontmanager.dll
0x00007ff902170000 - 0x00007ff902297000 	C:\WINDOWS\system32\opengl32.dll
0x00007ff910860000 - 0x00007ff91088c000 	C:\WINDOWS\SYSTEM32\GLU32.dll
0x00007ff9109d0000 - 0x00007ff910a65000 	C:\WINDOWS\System32\TextInputFramework.dll
0x00007ff91ab00000 - 0x00007ff91ae22000 	C:\WINDOWS\System32\CoreUIComponents.dll
0x00007ff91fdc0000 - 0x00007ff91fea2000 	C:\WINDOWS\System32\CoreMessaging.dll
0x00007ff920fc0000 - 0x00007ff920ff1000 	C:\WINDOWS\SYSTEM32\ntmarta.dll
0x00007ff91da40000 - 0x00007ff91db93000 	C:\WINDOWS\SYSTEM32\wintypes.dll
0x0000000076620000 - 0x000000007664a000 	E:\NetBeans\jdk\jre\bin\dcpr.dll
0x0000000050c30000 - 0x0000000050c4a000 	E:\NetBeans\jdk\jre\bin\net.dll
0x00007ff921740000 - 0x00007ff9217a7000 	C:\WINDOWS\system32\mswsock.dll
0x0000000050020000 - 0x0000000050031000 	E:\NetBeans\jdk\jre\bin\nio.dll
0x0000000076650000 - 0x0000000076692000 	E:\NetBeans\jdk\jre\bin\t2k.dll
0x0000000002f50000 - 0x0000000002f53000 	E:\NetBeans\jdk\jre\bin\api-ms-win-core-console-l1-1-0.dll
0x0000000003080000 - 0x0000000003083000 	E:\NetBeans\jdk\jre\bin\api-ms-win-core-datetime-l1-1-0.dll
0x0000000003090000 - 0x0000000003093000 	E:\NetBeans\jdk\jre\bin\api-ms-win-core-debug-l1-1-0.dll
0x00000000030a0000 - 0x00000000030a3000 	E:\NetBeans\jdk\jre\bin\api-ms-win-core-errorhandling-l1-1-0.dll
0x00000000030b0000 - 0x00000000030b4000 	E:\NetBeans\jdk\jre\bin\api-ms-win-core-file-l1-1-0.dll
0x00000000030c0000 - 0x00000000030c3000 	E:\NetBeans\jdk\jre\bin\api-ms-win-core-file-l1-2-0.dll
0x00000000030d0000 - 0x00000000030d3000 	E:\NetBeans\jdk\jre\bin\api-ms-win-core-file-l2-1-0.dll
0x00000000030e0000 - 0x00000000030e3000 	E:\NetBeans\jdk\jre\bin\api-ms-win-core-handle-l1-1-0.dll
0x00000000030f0000 - 0x00000000030f3000 	E:\NetBeans\jdk\jre\bin\api-ms-win-core-heap-l1-1-0.dll
0x0000000003100000 - 0x0000000003103000 	E:\NetBeans\jdk\jre\bin\api-ms-win-core-interlocked-l1-1-0.dll
0x0000000003110000 - 0x0000000003113000 	E:\NetBeans\jdk\jre\bin\api-ms-win-core-libraryloader-l1-1-0.dll
0x0000000003120000 - 0x0000000003123000 	E:\NetBeans\jdk\jre\bin\api-ms-win-core-localization-l1-2-0.dll
0x000000001bbd0000 - 0x000000001bbd3000 	E:\NetBeans\jdk\jre\bin\api-ms-win-core-memory-l1-1-0.dll
0x000000001bbe0000 - 0x000000001bbe3000 	E:\NetBeans\jdk\jre\bin\api-ms-win-core-namedpipe-l1-1-0.dll
0x000000001bbf0000 - 0x000000001bbf3000 	E:\NetBeans\jdk\jre\bin\api-ms-win-core-processenvironment-l1-1-0.dll
0x000000001bc00000 - 0x000000001bc03000 	E:\NetBeans\jdk\jre\bin\api-ms-win-core-processthreads-l1-1-0.dll
0x000000001bc10000 - 0x000000001bc13000 	E:\NetBeans\jdk\jre\bin\api-ms-win-core-processthreads-l1-1-1.dll
0x000000001bc20000 - 0x000000001bc23000 	E:\NetBeans\jdk\jre\bin\api-ms-win-core-profile-l1-1-0.dll
0x000000001bc30000 - 0x000000001bc33000 	E:\NetBeans\jdk\jre\bin\api-ms-win-core-rtlsupport-l1-1-0.dll
0x000000001bc40000 - 0x000000001bc43000 	E:\NetBeans\jdk\jre\bin\api-ms-win-core-string-l1-1-0.dll
0x000000001bc50000 - 0x000000001bc53000 	E:\NetBeans\jdk\jre\bin\api-ms-win-core-synch-l1-1-0.dll
0x000000001bc60000 - 0x000000001bc63000 	E:\NetBeans\jdk\jre\bin\api-ms-win-core-synch-l1-2-0.dll
0x000000001bc70000 - 0x000000001bc73000 	E:\NetBeans\jdk\jre\bin\api-ms-win-core-sysinfo-l1-1-0.dll
0x000000001bc80000 - 0x000000001bc83000 	E:\NetBeans\jdk\jre\bin\api-ms-win-core-timezone-l1-1-0.dll
0x000000001bc90000 - 0x000000001bc93000 	E:\NetBeans\jdk\jre\bin\api-ms-win-core-util-l1-1-0.dll
0x000000001bca0000 - 0x000000001bca3000 	E:\NetBeans\jdk\jre\bin\api-ms-win-crt-conio-l1-1-0.dll
0x000000001bcb0000 - 0x000000001bcb4000 	E:\NetBeans\jdk\jre\bin\api-ms-win-crt-convert-l1-1-0.dll
0x000000001bcc0000 - 0x000000001bcc3000 	E:\NetBeans\jdk\jre\bin\api-ms-win-crt-environment-l1-1-0.dll
0x000000001bcd0000 - 0x000000001bcd3000 	E:\NetBeans\jdk\jre\bin\api-ms-win-crt-filesystem-l1-1-0.dll
0x000000001bce0000 - 0x000000001bce3000 	E:\NetBeans\jdk\jre\bin\api-ms-win-crt-heap-l1-1-0.dll
0x000000001bcf0000 - 0x000000001bcf3000 	E:\NetBeans\jdk\jre\bin\api-ms-win-crt-locale-l1-1-0.dll
0x000000001bd00000 - 0x000000001bd05000 	E:\NetBeans\jdk\jre\bin\api-ms-win-crt-math-l1-1-0.dll
0x000000001bd10000 - 0x000000001bd15000 	E:\NetBeans\jdk\jre\bin\api-ms-win-crt-multibyte-l1-1-0.dll
0x000000001bd20000 - 0x000000001bd30000 	E:\NetBeans\jdk\jre\bin\api-ms-win-crt-private-l1-1-0.dll
0x000000001bd30000 - 0x000000001bd33000 	E:\NetBeans\jdk\jre\bin\api-ms-win-crt-process-l1-1-0.dll
0x000000001bd40000 - 0x000000001bd44000 	E:\NetBeans\jdk\jre\bin\api-ms-win-crt-runtime-l1-1-0.dll
0x000000001bd50000 - 0x000000001bd54000 	E:\NetBeans\jdk\jre\bin\api-ms-win-crt-stdio-l1-1-0.dll
0x000000001bd60000 - 0x000000001bd64000 	E:\NetBeans\jdk\jre\bin\api-ms-win-crt-string-l1-1-0.dll
0x000000001bd70000 - 0x000000001bd73000 	E:\NetBeans\jdk\jre\bin\api-ms-win-crt-time-l1-1-0.dll
0x000000001bd80000 - 0x000000001bd83000 	E:\NetBeans\jdk\jre\bin\api-ms-win-crt-utility-l1-1-0.dll
0x00007ff8f45e0000 - 0x00007ff8f46d6000 	E:\NetBeans\jdk\jre\bin\ucrtbase.dll
0x00007ff8fccf0000 - 0x00007ff8fcd41000 	E:\NetBeans\jdk\jre\bin\concrt140.dll
0x00007ff90f680000 - 0x00007ff90f696000 	E:\NetBeans\jdk\jre\bin\VCRUNTIME140.dll
0x00007ff8fc940000 - 0x00007ff8fc9dc000 	E:\NetBeans\jdk\jre\bin\MSVCP140.dll
0x0000000076510000 - 0x0000000076533000 	E:\NetBeans\jdk\jre\bin\prism_d3d.dll
0x00007ff919550000 - 0x00007ff9196ee000 	C:\WINDOWS\system32\d3d9.dll
0x00007ff8dca10000 - 0x00007ff8e0269000 	C:\WINDOWS\System32\DriverStore\FileRepository\igdlh64.inf_amd64_420c659363620fe7\igdumdim64.dll
0x00007ff923ec0000 - 0x00007ff924336000 	C:\WINDOWS\System32\SETUPAPI.dll
0x00007ff922da0000 - 0x00007ff922dc6000 	C:\WINDOWS\System32\bcrypt.dll
0x00000000764c0000 - 0x0000000076509000 	E:\NetBeans\jdk\jre\bin\glass.dll
0x00007ff925cb0000 - 0x00007ff925dd7000 	C:\WINDOWS\System32\COMDLG32.dll
0x00007ff908640000 - 0x00007ff909c42000 	C:\WINDOWS\System32\DriverStore\FileRepository\igdlh64.inf_amd64_420c659363620fe7\igc64.dll
0x00007ff9236e0000 - 0x00007ff923782000 	C:\WINDOWS\System32\clbcatq.dll
0x00007ff918750000 - 0x00007ff918908000 	C:\WINDOWS\SYSTEM32\WindowsCodecs.dll
0x00007ff918440000 - 0x00007ff918496000 	C:\WINDOWS\system32\dataexchange.dll
0x00007ff91f7b0000 - 0x00007ff91f973000 	C:\WINDOWS\system32\dcomp.dll
0x00007ff91ef40000 - 0x00007ff91f1be000 	C:\WINDOWS\system32\d3d11.dll
0x00007ff920bc0000 - 0x00007ff920c82000 	C:\WINDOWS\system32\dxgi.dll
0x00007ff920330000 - 0x00007ff92053d000 	C:\WINDOWS\system32\twinapi.appcore.dll
0x00007ff920570000 - 0x00007ff920598000 	C:\WINDOWS\system32\RMCLIENT.dll
0x00000000733a0000 - 0x00000000764bd000 	E:\NetBeans\jdk\jre\bin\jfxwebkit.dll
0x00007ff921300000 - 0x00007ff921333000 	C:\WINDOWS\system32\rsaenh.dll
0x00007ff921910000 - 0x00007ff92191c000 	C:\WINDOWS\SYSTEM32\CRYPTBASE.dll
0x0000000077a00000 - 0x0000000077a14000 	E:\NetBeans\jdk\jre\bin\javafx_font.dll
0x00007ff90ced0000 - 0x00007ff90d1cf000 	C:\WINDOWS\SYSTEM32\dwrite.dll
0x00007ff9214e0000 - 0x00007ff9215a6000 	C:\WINDOWS\SYSTEM32\DNSAPI.dll
0x00007ff923a80000 - 0x00007ff923a88000 	C:\WINDOWS\System32\NSI.dll
0x00007ff9214a0000 - 0x00007ff9214dd000 	C:\WINDOWS\SYSTEM32\IPHLPAPI.DLL

VM Arguments:
jvm_args: -Dfile.encoding=UTF-8 
java_command: main.MainPage
java_class_path (initial): C:\Users\moham\Documents\NetBeansProjects\EXAM PORTAL\build\classes
Launcher Type: SUN_STANDARD

Environment Variables:
PATH=C:\Program Files (x86)\Intel\iCLS Client\;C:\Program Files\Intel\iCLS Client\;C:\Windows\system32;C:\Windows;C:\Windows\System32\Wbem;C:\Windows\System32\WindowsPowerShell\v1.0\;C:\Program Files (x86)\NVIDIA Corporation\PhysX\Common;C:\WINDOWS\system32;C:\WINDOWS;C:\WINDOWS\System32\Wbem;C:\WINDOWS\System32\WindowsPowerShell\v1.0\;C:\WINDOWS\System32\OpenSSH\;C:\Program Files (x86)\Intel\Intel(R) Management Engine Components\DAL;C:\Program Files\Intel\Intel(R) Management Engine Components\DAL;C:\Program Files (x86)\Intel\Intel(R) Management Engine Components\IPT;C:\Program Files\Intel\Intel(R) Management Engine Components\IPT;C:\Program Files\NVIDIA Corporation\NVIDIA NvDLISR;C:\Program Files (x86)\Windows Kits\8.1\Windows Performance Toolkit\;C:\Program Files\Microsoft SQL Server\110\Tools\Binn\;C:\Users\moham\AppData\Local\Microsoft\WindowsApps;
USERNAME=MOHAMED SHABEER KP
OS=Windows_NT
PROCESSOR_IDENTIFIER=Intel64 Family 6 Model 142 Stepping 10, GenuineIntel



---------------  S Y S T E M  ---------------

OS: Windows 10.0 , 64 bit Build 17763 (10.0.17763.475)

CPU:total 8 (initial active 8) (4 cores per cpu, 2 threads per core) family 6 model 142 stepping 10, cmov, cx8, fxsr, mmx, sse, sse2, sse3, ssse3, sse4.1, sse4.2, popcnt, avx, avx2, aes, clmul, erms, 3dnowpref, lzcnt, ht, tsc, tscinvbit, bmi1, bmi2, adx

Memory: 4k page, physical 8261220k(3947628k free), swap 13766244k(7140632k free)

vm_info: Java HotSpot(TM) 64-Bit Server VM (25.171-b11) for windows-amd64 JRE (1.8.0_171-b11), built on Mar 28 2018 16:06:12 by "java_re" with MS VC++ 10.0 (VS2010)

time: Wed Jul 10 19:23:02 2019
elapsed time: 92 seconds (0d 0h 1m 32s)

