#
# A fatal error has been detected by the Java Runtime Environment:
#
#  EXCEPTION_ACCESS_VIOLATION (0xc0000005) at pc=0x00000000738c8431, pid=10496, tid=0x0000000000001598
#
# JRE version: Java(TM) SE Runtime Environment (8.0_171-b11) (build 1.8.0_171-b11)
# Java VM: Java HotSpot(TM) 64-Bit Server VM (25.171-b11 mixed mode windows-amd64 compressed oops)
# Problematic frame:
# C  [jfxwebkit.dll+0x578431]
#
# Failed to write core dump. Minidumps are not enabled by default on client versions of Windows
#
# If you would like to submit a bug report, please visit:
#   http://bugreport.java.com/bugreport/crash.jsp
# The crash happened outside the Java Virtual Machine in native code.
# See problematic frame for where to report the bug.
#

---------------  T H R E A D  ---------------

Current thread (0x000000001a9e7800):  JavaThread "JavaFX Application Thread" [_thread_in_native, id=5528, stack(0x000000001d150000,0x000000001d250000)]

siginfo: ExceptionCode=0xc0000005, reading address 0x00000000000000a0

Registers:
RAX=0x0000dedf12f4e21d, RBX=0x000000001d24bde0, RCX=0x0000000000000000, RDX=0x000000001d24bde0
RSP=0x000000001d24bd50, RBP=0x000000001d24bfc0, RSI=0x00000000009e2000, RDI=0x0000000023676b60
R8 =0x0000000000d53e40, R9 =0x0000000000000007, R10=0x00000000264d28e0, R11=0x0000000000000000
R12=0x000000001d24bfc0, R13=0x0000000000000000, R14=0x000000001d24c140, R15=0x000000001d24c140
RIP=0x00000000738c8431, EFLAGS=0x0000000000010206

Top of Stack: (sp=0x000000001d24bd50)
0x000000001d24bd50:   000000001d24c140 00000000ffffffff
0x000000001d24bd60:   000000001d24bfc0 0000000000000000
0x000000001d24bd70:   000000001d24c140 0000000000000003
0x000000001d24bd80:   00000000009e2000 00007ff92284c7eb
0x000000001d24bd90:   000000001d24c140 000000001d24c140
0x000000001d24bda0:   00000000ffffffff 000000001d24bfc0
0x000000001d24bdb0:   0000000023676b60 0000000073a738f7
0x000000001d24bdc0:   000000001d24be60 000000001d24bfc0
0x000000001d24bdd0:   00000000009e2000 000000001a9d5770
0x000000001d24bde0:   0000000000000000 0000000000000000
0x000000001d24bdf0:   00000000264d2930 0000dedf12f4e21d
0x000000001d24be00:   0000000023676b60 0000000073a717d0
0x000000001d24be10:   0000000023664530 000000001d24be60
0x000000001d24be20:   000000001d24bfc0 00000000009e2000
0x000000001d24be30:   0000000023616360 000000007352b477
0x000000001d24be40:   0000000023616360 000000001a7da438 

Instructions: (pc=0x00000000738c8431)
0x00000000738c8411:   54 41 55 41 56 41 57 48 83 ec 40 48 c7 02 00 00
0x00000000738c8421:   00 00 48 8b da 48 c7 42 08 00 00 00 00 4c 8b e9
0x00000000738c8431:   48 8b 91 a0 00 00 00 44 8b a1 ac 00 00 00 49 c1
0x00000000738c8441:   e4 04 4c 03 e2 49 3b d4 0f 84 ca 00 00 00 90 4c 


Register to memory mapping:

RAX=0x0000dedf12f4e21d is an unknown value
RBX=0x000000001d24bde0 is pointing into the stack for thread: 0x000000001a9e7800
RCX=0x0000000000000000 is an unknown value
RDX=0x000000001d24bde0 is pointing into the stack for thread: 0x000000001a9e7800
RSP=0x000000001d24bd50 is pointing into the stack for thread: 0x000000001a9e7800
RBP=0x000000001d24bfc0 is pointing into the stack for thread: 0x000000001a9e7800
RSI=0x00000000009e2000 is an unknown value
RDI=0x0000000023676b60 is an unknown value
R8 =0x0000000000d53e40 is an unknown value
R9 =0x0000000000000007 is an unknown value
R10=0x00000000264d28e0 is an unknown value
R11=0x0000000000000000 is an unknown value
R12=0x000000001d24bfc0 is pointing into the stack for thread: 0x000000001a9e7800
R13=0x0000000000000000 is an unknown value
R14=0x000000001d24c140 is pointing into the stack for thread: 0x000000001a9e7800
R15=0x000000001d24c140 is pointing into the stack for thread: 0x000000001a9e7800


Stack: [0x000000001d150000,0x000000001d250000],  sp=0x000000001d24bd50,  free space=1007k
Native frames: (J=compiled Java code, j=interpreted, Vv=VM code, C=native code)
C  [jfxwebkit.dll+0x578431]
C  [jfxwebkit.dll+0x7238f7]
C  [jfxwebkit.dll+0x7217d0]
C  [jfxwebkit.dll+0x1db477]
C  [jfxwebkit.dll+0x723a4b]
C  [jfxwebkit.dll+0x1d25f9]
C  [jfxwebkit.dll+0x4a1372]
C  [jfxwebkit.dll+0x49d034]
C  [jfxwebkit.dll+0x4a0fcc]
C  [jfxwebkit.dll+0x8b648c]
C  0x0000000002a38c67

Java frames: (J=compiled Java code, j=interpreted, Vv=VM code)
j  com.sun.webkit.WebPage.twkProcessMouseEvent(JIIIIIIIZZZZZD)Z+0
j  com.sun.webkit.WebPage.dispatchMouseEvent(Lcom/sun/webkit/event/WCMouseEvent;)Z+142
j  javafx.scene.web.WebView.processMouseEvent(Ljavafx/scene/input/MouseEvent;)V+181
j  javafx.scene.web.WebView.lambda$registerEventHandlers$32(Ljavafx/scene/input/MouseEvent;)V+2
j  javafx.scene.web.WebView$$Lambda$104.handle(Ljavafx/event/Event;)V+8
j  com.sun.javafx.event.CompositeEventHandler$NormalEventHandlerRecord.handleBubblingEvent(Ljavafx/event/Event;)V+5
j  com.sun.javafx.event.CompositeEventHandler.dispatchBubblingEvent(Ljavafx/event/Event;)V+28
J 1453 C1 com.sun.javafx.event.EventHandlerManager.dispatchBubblingEvent(Ljavafx/event/EventType;Ljavafx/event/Event;)Ljavafx/event/Event; (34 bytes) @ 0x0000000002ec6dec [0x0000000002ec6880+0x56c]
j  com.sun.javafx.event.EventHandlerManager.dispatchBubblingEvent(Ljavafx/event/Event;)Ljavafx/event/Event;+8
j  com.sun.javafx.event.CompositeEventDispatcher.dispatchBubblingEvent(Ljavafx/event/Event;)Ljavafx/event/Event;+11
J 1491 C1 com.sun.javafx.event.BasicEventDispatcher.dispatchEvent(Ljavafx/event/Event;Ljavafx/event/EventDispatchChain;)Ljavafx/event/Event; (44 bytes) @ 0x0000000002ee873c [0x0000000002ee8400+0x33c]
J 1482 C1 com.sun.javafx.event.EventDispatchChainImpl.dispatchEvent(Ljavafx/event/Event;)Ljavafx/event/Event; (101 bytes) @ 0x0000000002ee6534 [0x0000000002ee6380+0x1b4]
J 1491 C1 com.sun.javafx.event.BasicEventDispatcher.dispatchEvent(Ljavafx/event/Event;Ljavafx/event/EventDispatchChain;)Ljavafx/event/Event; (44 bytes) @ 0x0000000002ee8654 [0x0000000002ee8400+0x254]
J 1482 C1 com.sun.javafx.event.EventDispatchChainImpl.dispatchEvent(Ljavafx/event/Event;)Ljavafx/event/Event; (101 bytes) @ 0x0000000002ee6534 [0x0000000002ee6380+0x1b4]
J 1491 C1 com.sun.javafx.event.BasicEventDispatcher.dispatchEvent(Ljavafx/event/Event;Ljavafx/event/EventDispatchChain;)Ljavafx/event/Event; (44 bytes) @ 0x0000000002ee8654 [0x0000000002ee8400+0x254]
J 1482 C1 com.sun.javafx.event.EventDispatchChainImpl.dispatchEvent(Ljavafx/event/Event;)Ljavafx/event/Event; (101 bytes) @ 0x0000000002ee6534 [0x0000000002ee6380+0x1b4]
j  com.sun.javafx.event.EventUtil.fireEventImpl(Ljavafx/event/EventDispatchChain;Ljavafx/event/EventTarget;Ljavafx/event/Event;)Ljavafx/event/Event;+10
j  com.sun.javafx.event.EventUtil.fireEvent(Ljavafx/event/EventTarget;Ljavafx/event/Event;)Ljavafx/event/Event;+46
j  javafx.event.Event.fireEvent(Ljavafx/event/EventTarget;Ljavafx/event/Event;)V+30
j  javafx.scene.Scene$MouseHandler.process(Ljavafx/scene/input/MouseEvent;Z)V+491
j  javafx.scene.Scene$MouseHandler.access$1500(Ljavafx/scene/Scene$MouseHandler;Ljavafx/scene/input/MouseEvent;Z)V+3
j  javafx.scene.Scene.impl_processMouseEvent(Ljavafx/scene/input/MouseEvent;)V+6
j  javafx.scene.Scene$ScenePeerListener.mouseEvent(Ljavafx/event/EventType;DDDDLjavafx/scene/input/MouseButton;ZZZZZZZZZ)V+46
j  com.sun.javafx.tk.quantum.EmbeddedScene.lambda$null$293(IIIIIIZZZZIZZZZ)Ljava/lang/Void;+132
j  com.sun.javafx.tk.quantum.EmbeddedScene$$Lambda$177.run()Ljava/lang/Object;+64
v  ~StubRoutines::call_stub
J 487  java.security.AccessController.doPrivileged(Ljava/security/PrivilegedAction;Ljava/security/AccessControlContext;)Ljava/lang/Object; (0 bytes) @ 0x0000000002c2b426 [0x0000000002c2b3c0+0x66]
j  com.sun.javafx.tk.quantum.EmbeddedScene.lambda$mouseEvent$294(IIIIIIZZZZIZZZZ)V+37
j  com.sun.javafx.tk.quantum.EmbeddedScene$$Lambda$170.run()V+64
j  com.sun.javafx.application.PlatformImpl.lambda$null$172(Ljava/lang/Runnable;)Ljava/lang/Void;+1
j  com.sun.javafx.application.PlatformImpl$$Lambda$66.run()Ljava/lang/Object;+4
v  ~StubRoutines::call_stub
J 487  java.security.AccessController.doPrivileged(Ljava/security/PrivilegedAction;Ljava/security/AccessControlContext;)Ljava/lang/Object; (0 bytes) @ 0x0000000002c2b426 [0x0000000002c2b3c0+0x66]
J 1599 C1 com.sun.javafx.application.PlatformImpl.lambda$runLater$173(Ljava/lang/Runnable;Ljava/security/AccessControlContext;)V (38 bytes) @ 0x0000000002f27114 [0x0000000002f26d00+0x414]
J 1598 C1 com.sun.javafx.application.PlatformImpl$$Lambda$65.run()V (12 bytes) @ 0x0000000002f27b44 [0x0000000002f27ac0+0x84]
J 1368 C1 com.sun.glass.ui.InvokeLaterDispatcher$Future.run()V (91 bytes) @ 0x0000000002e79dcc [0x0000000002e79cc0+0x10c]
v  ~StubRoutines::call_stub
j  com.sun.glass.ui.win.WinApplication._runLoop(Ljava/lang/Runnable;)V+0
j  com.sun.glass.ui.win.WinApplication.lambda$null$147(ILjava/lang/Runnable;)V+8
j  com.sun.glass.ui.win.WinApplication$$Lambda$55.run()V+12
j  java.lang.Thread.run()V+11
v  ~StubRoutines::call_stub

---------------  P R O C E S S  ---------------

Java Threads: ( => current thread )
  0x000000001ad40800 JavaThread "Image Fetcher 1" daemon [_thread_blocked, id=12132, stack(0x0000000026330000,0x0000000026430000)]
  0x000000001ad3d000 JavaThread "Image Fetcher 0" daemon [_thread_blocked, id=9556, stack(0x0000000026230000,0x0000000026330000)]
  0x000000001ad41800 JavaThread "Disposer" daemon [_thread_blocked, id=912, stack(0x0000000025f30000,0x0000000026030000)]
  0x000000001ad40000 JavaThread "Prism Font Disposer" daemon [_thread_blocked, id=9624, stack(0x0000000025630000,0x0000000025730000)]
  0x000000001ab5e000 JavaThread "TimerQueue" daemon [_thread_blocked, id=5956, stack(0x0000000023d50000,0x0000000023e50000)]
  0x000000001aa56000 JavaThread "Thread-6" daemon [_thread_in_native, id=10880, stack(0x0000000023750000,0x0000000023850000)]
=>0x000000001a9e7800 JavaThread "JavaFX Application Thread" [_thread_in_native, id=5528, stack(0x000000001d150000,0x000000001d250000)]
  0x000000001a9eb000 JavaThread "Thread-5" daemon [_thread_blocked, id=10656, stack(0x000000001d050000,0x000000001d150000)]
  0x000000001a9cc000 JavaThread "QuantumRenderer-0" daemon [_thread_blocked, id=1556, stack(0x000000001ce50000,0x000000001cf50000)]
  0x0000000000f9d800 JavaThread "DestroyJavaVM" [_thread_blocked, id=6428, stack(0x0000000002770000,0x0000000002870000)]
  0x000000001a872800 JavaThread "AWT-EventQueue-0" [_thread_in_native, id=5808, stack(0x000000001bc10000,0x000000001bd10000)]
  0x000000001a7d1800 JavaThread "AWT-Windows" daemon [_thread_in_native, id=9220, stack(0x000000001b1c0000,0x000000001b2c0000)]
  0x000000001a7ca800 JavaThread "AWT-Shutdown" [_thread_blocked, id=4564, stack(0x000000001b0c0000,0x000000001b1c0000)]
  0x000000001a7ca000 JavaThread "Java2D Disposer" daemon [_thread_blocked, id=10312, stack(0x000000001afc0000,0x000000001b0c0000)]
  0x0000000019948000 JavaThread "Service Thread" daemon [_thread_blocked, id=11688, stack(0x000000001a480000,0x000000001a580000)]
  0x00000000198b3800 JavaThread "C1 CompilerThread3" daemon [_thread_blocked, id=8184, stack(0x000000001a380000,0x000000001a480000)]
  0x00000000198ad000 JavaThread "C2 CompilerThread2" daemon [_thread_blocked, id=10096, stack(0x000000001a280000,0x000000001a380000)]
  0x00000000198ac800 JavaThread "C2 CompilerThread1" daemon [_thread_blocked, id=6720, stack(0x000000001a180000,0x000000001a280000)]
  0x00000000198a9000 JavaThread "C2 CompilerThread0" daemon [_thread_blocked, id=11964, stack(0x000000001a080000,0x000000001a180000)]
  0x00000000198a7800 JavaThread "Attach Listener" daemon [_thread_blocked, id=3092, stack(0x0000000019f80000,0x000000001a080000)]
  0x00000000198a6000 JavaThread "Signal Dispatcher" daemon [_thread_blocked, id=7024, stack(0x0000000019e80000,0x0000000019f80000)]
  0x00000000198a0800 JavaThread "Finalizer" daemon [_thread_blocked, id=8200, stack(0x0000000019c80000,0x0000000019d80000)]
  0x0000000002a17000 JavaThread "Reference Handler" daemon [_thread_blocked, id=3796, stack(0x0000000019780000,0x0000000019880000)]

Other Threads:
  0x000000001798a000 VMThread [stack: 0x0000000019680000,0x0000000019780000] [id=2296]
  0x000000001995a800 WatcherThread [stack: 0x000000001a580000,0x000000001a680000] [id=2216]

VM state:not at safepoint (normal execution)

VM Mutex/Monitor currently owned by a thread: None

Heap:
 PSYoungGen      total 38400K, used 14536K [0x00000000d5f80000, 0x00000000daa80000, 0x0000000100000000)
  eden space 33280K, 43% used [0x00000000d5f80000,0x00000000d6db2098,0x00000000d8000000)
  from space 5120K, 0% used [0x00000000d8500000,0x00000000d8500000,0x00000000d8a00000)
  to   space 5120K, 0% used [0x00000000d8000000,0x00000000d8000000,0x00000000d8500000)
 ParOldGen       total 62976K, used 8690K [0x0000000081e00000, 0x0000000085b80000, 0x00000000d5f80000)
  object space 62976K, 13% used [0x0000000081e00000,0x000000008267c828,0x0000000085b80000)
 Metaspace       used 21422K, capacity 22176K, committed 22400K, reserved 1069056K
  class space    used 2953K, capacity 3143K, committed 3200K, reserved 1048576K

Card table byte_map: [0x0000000011de0000,0x00000000121e0000] byte_map_base: 0x00000000119d1000

Marking Bits: (ParMarkBitMap*) 0x0000000076f108c0
 Begin Bits: [0x0000000012c90000, 0x0000000014c18000)
 End Bits:   [0x0000000014c18000, 0x0000000016ba0000)

Polling page: 0x0000000000970000

CodeCache: size=245760Kb used=5544Kb max_used=5544Kb free=240215Kb
 bounds [0x0000000002a20000, 0x0000000002f90000, 0x0000000011a20000]
 total_blobs=2511 nmethods=1731 adapters=692
 compilation: enabled

Compilation events (10 events):
Event: 6.181 Thread 0x00000000198b3800 1715       3       java.lang.Enum::hashCode (5 bytes)
Event: 6.181 Thread 0x00000000198b3800 nmethod 1715 0x0000000002f6df50 code [0x0000000002f6e0c0, 0x0000000002f6e248]
Event: 6.212 Thread 0x00000000198b3800 1716       3       com.sun.javafx.tk.quantum.QuantumToolkit::setPulseRunning (9 bytes)
Event: 6.213 Thread 0x00000000198b3800 nmethod 1716 0x0000000002f6e510 code [0x0000000002f6e6a0, 0x0000000002f6eba8]
Event: 6.213 Thread 0x00000000198b3800 1717       3       javafx.scene.Parent::layout (139 bytes)
Event: 6.213 Thread 0x00000000198b3800 nmethod 1717 0x0000000002f6ed50 code [0x0000000002f6ef80, 0x0000000002f6fe18]
Event: 6.219 Thread 0x00000000198b3800 1718       3       java.awt.event.ComponentEvent::getComponent (22 bytes)
Event: 6.219 Thread 0x00000000198b3800 nmethod 1718 0x0000000002f701d0 code [0x0000000002f70340, 0x0000000002f706d0]
Event: 6.251 Thread 0x00000000198b3800 1719       3       sun.awt.NullComponentPeer::handleEvent (1 bytes)
Event: 6.251 Thread 0x00000000198b3800 nmethod 1719 0x0000000002f70750 code [0x0000000002f708a0, 0x0000000002f709f0]

GC Heap History (6 events):
Event: 2.222 GC heap before
{Heap before GC invocations=1 (full 0):
 PSYoungGen      total 38400K, used 33280K [0x00000000d5f80000, 0x00000000d8a00000, 0x0000000100000000)
  eden space 33280K, 100% used [0x00000000d5f80000,0x00000000d8000000,0x00000000d8000000)
  from space 5120K, 0% used [0x00000000d8500000,0x00000000d8500000,0x00000000d8a00000)
  to   space 5120K, 0% used [0x00000000d8000000,0x00000000d8000000,0x00000000d8500000)
 ParOldGen       total 87552K, used 0K [0x0000000081e00000, 0x0000000087380000, 0x00000000d5f80000)
  object space 87552K, 0% used [0x0000000081e00000,0x0000000081e00000,0x0000000087380000)
 Metaspace       used 19702K, capacity 20270K, committed 20608K, reserved 1067008K
  class space    used 2715K, capacity 2862K, committed 2944K, reserved 1048576K
Event: 2.227 GC heap after
Heap after GC invocations=1 (full 0):
 PSYoungGen      total 38400K, used 5113K [0x00000000d5f80000, 0x00000000d8a00000, 0x0000000100000000)
  eden space 33280K, 0% used [0x00000000d5f80000,0x00000000d5f80000,0x00000000d8000000)
  from space 5120K, 99% used [0x00000000d8000000,0x00000000d84fe518,0x00000000d8500000)
  to   space 5120K, 0% used [0x00000000d8500000,0x00000000d8500000,0x00000000d8a00000)
 ParOldGen       total 87552K, used 12387K [0x0000000081e00000, 0x0000000087380000, 0x00000000d5f80000)
  object space 87552K, 14% used [0x0000000081e00000,0x0000000082a18f88,0x0000000087380000)
 Metaspace       used 19702K, capacity 20270K, committed 20608K, reserved 1067008K
  class space    used 2715K, capacity 2862K, committed 2944K, reserved 1048576K
}
Event: 2.270 GC heap before
{Heap before GC invocations=2 (full 0):
 PSYoungGen      total 38400K, used 9404K [0x00000000d5f80000, 0x00000000d8a00000, 0x0000000100000000)
  eden space 33280K, 12% used [0x00000000d5f80000,0x00000000d63b0c10,0x00000000d8000000)
  from space 5120K, 99% used [0x00000000d8000000,0x00000000d84fe518,0x00000000d8500000)
  to   space 5120K, 0% used [0x00000000d8500000,0x00000000d8500000,0x00000000d8a00000)
 ParOldGen       total 87552K, used 12387K [0x0000000081e00000, 0x0000000087380000, 0x00000000d5f80000)
  object space 87552K, 14% used [0x0000000081e00000,0x0000000082a18f88,0x0000000087380000)
 Metaspace       used 20529K, capacity 21154K, committed 21248K, reserved 1067008K
  class space    used 2857K, capacity 3014K, committed 3072K, reserved 1048576K
Event: 2.274 GC heap after
Heap after GC invocations=2 (full 0):
 PSYoungGen      total 38400K, used 5113K [0x00000000d5f80000, 0x00000000daa80000, 0x0000000100000000)
  eden space 33280K, 0% used [0x00000000d5f80000,0x00000000d5f80000,0x00000000d8000000)
  from space 5120K, 99% used [0x00000000d8500000,0x00000000d89fe4f8,0x00000000d8a00000)
  to   space 5120K, 0% used [0x00000000d8000000,0x00000000d8000000,0x00000000d8500000)
 ParOldGen       total 87552K, used 16502K [0x0000000081e00000, 0x0000000087380000, 0x00000000d5f80000)
  object space 87552K, 18% used [0x0000000081e00000,0x0000000082e1d938,0x0000000087380000)
 Metaspace       used 20529K, capacity 21154K, committed 21248K, reserved 1067008K
  class space    used 2857K, capacity 3014K, committed 3072K, reserved 1048576K
}
Event: 2.274 GC heap before
{Heap before GC invocations=3 (full 1):
 PSYoungGen      total 38400K, used 5113K [0x00000000d5f80000, 0x00000000daa80000, 0x0000000100000000)
  eden space 33280K, 0% used [0x00000000d5f80000,0x00000000d5f80000,0x00000000d8000000)
  from space 5120K, 99% used [0x00000000d8500000,0x00000000d89fe4f8,0x00000000d8a00000)
  to   space 5120K, 0% used [0x00000000d8000000,0x00000000d8000000,0x00000000d8500000)
 ParOldGen       total 87552K, used 16502K [0x0000000081e00000, 0x0000000087380000, 0x00000000d5f80000)
  object space 87552K, 18% used [0x0000000081e00000,0x0000000082e1d938,0x0000000087380000)
 Metaspace       used 20529K, capacity 21154K, committed 21248K, reserved 1067008K
  class space    used 2857K, capacity 3014K, committed 3072K, reserved 1048576K
Event: 2.292 GC heap after
Heap after GC invocations=3 (full 1):
 PSYoungGen      total 38400K, used 0K [0x00000000d5f80000, 0x00000000daa80000, 0x0000000100000000)
  eden space 33280K, 0% used [0x00000000d5f80000,0x00000000d5f80000,0x00000000d8000000)
  from space 5120K, 0% used [0x00000000d8500000,0x00000000d8500000,0x00000000d8a00000)
  to   space 5120K, 0% used [0x00000000d8000000,0x00000000d8000000,0x00000000d8500000)
 ParOldGen       total 62976K, used 8690K [0x0000000081e00000, 0x0000000085b80000, 0x00000000d5f80000)
  object space 62976K, 13% used [0x0000000081e00000,0x000000008267c828,0x0000000085b80000)
 Metaspace       used 20529K, capacity 21154K, committed 21248K, reserved 1067008K
  class space    used 2857K, capacity 3014K, committed 3072K, reserved 1048576K
}

Deoptimization events (10 events):
Event: 2.145 Thread 0x000000001a9e7800 Uncommon trap: reason=unstable_if action=reinterpret pc=0x0000000002c0ada0 method=java.util.HashMap.putVal(ILjava/lang/Object;Ljava/lang/Object;ZZ)Ljava/lang/Object; @ 109
Event: 2.211 Thread 0x000000001a9e7800 Uncommon trap: reason=class_check action=maybe_recompile pc=0x0000000002d63ae0 method=java.io.DataInputStream.readShort()S @ 4
Event: 2.211 Thread 0x000000001a9e7800 Uncommon trap: reason=class_check action=maybe_recompile pc=0x0000000002d63ae0 method=java.io.DataInputStream.readShort()S @ 4
Event: 2.211 Thread 0x000000001a9e7800 Uncommon trap: reason=class_check action=maybe_recompile pc=0x0000000002d63ae0 method=java.io.DataInputStream.readShort()S @ 4
Event: 2.211 Thread 0x000000001a9e7800 Uncommon trap: reason=class_check action=maybe_recompile pc=0x0000000002d63ae0 method=java.io.DataInputStream.readShort()S @ 4
Event: 2.215 Thread 0x000000001a9e7800 Uncommon trap: reason=class_check action=maybe_recompile pc=0x0000000002b88614 method=java.lang.String.equals(Ljava/lang/Object;)Z @ 8
Event: 2.215 Thread 0x000000001a9e7800 Uncommon trap: reason=class_check action=maybe_recompile pc=0x0000000002b88614 method=java.lang.String.equals(Ljava/lang/Object;)Z @ 8
Event: 2.215 Thread 0x000000001a9e7800 Uncommon trap: reason=class_check action=maybe_recompile pc=0x0000000002b88614 method=java.lang.String.equals(Ljava/lang/Object;)Z @ 8
Event: 2.216 Thread 0x000000001a9e7800 Uncommon trap: reason=class_check action=maybe_recompile pc=0x0000000002b88614 method=java.lang.String.equals(Ljava/lang/Object;)Z @ 8
Event: 2.247 Thread 0x000000001a9e7800 Uncommon trap: reason=unstable_if action=reinterpret pc=0x0000000002dcd468 method=jdk.internal.org.objectweb.asm.Type.getArgumentsAndReturnSizes(Ljava/lang/String;)I @ 47

Classes redefined (0 events):
No events

Internal exceptions (10 events):
Event: 0.162 Thread 0x0000000000f9d800 Exception <a 'java/lang/ClassNotFoundException': ToolBarSeparator> (0x00000000d6376ce8) thrown at [C:\re\workspace\8-2-build-windows-amd64-cygwin\jdk8u171\10807\hotspot\src\share\vm\classfile\systemDictionary.cpp, line 210]
Event: 0.162 Thread 0x0000000000f9d800 Exception <a 'java/lang/ClassNotFoundException': ToolTip> (0x00000000d6377428) thrown at [C:\re\workspace\8-2-build-windows-amd64-cygwin\jdk8u171\10807\hotspot\src\share\vm\classfile\systemDictionary.cpp, line 210]
Event: 0.163 Thread 0x0000000000f9d800 Exception <a 'java/lang/ClassNotFoundException': Tree> (0x00000000d6378048) thrown at [C:\re\workspace\8-2-build-windows-amd64-cygwin\jdk8u171\10807\hotspot\src\share\vm\classfile\systemDictionary.cpp, line 210]
Event: 0.163 Thread 0x0000000000f9d800 Exception <a 'java/lang/ClassNotFoundException': Tree> (0x00000000d6378788) thrown at [C:\re\workspace\8-2-build-windows-amd64-cygwin\jdk8u171\10807\hotspot\src\share\vm\classfile\systemDictionary.cpp, line 210]
Event: 0.163 Thread 0x0000000000f9d800 Exception <a 'java/lang/ClassNotFoundException': javax/swing/JTreeCell> (0x00000000d6378b08) thrown at [C:\re\workspace\8-2-build-windows-amd64-cygwin\jdk8u171\10807\hotspot\src\share\vm\classfile\systemDictionary.cpp, line 210]
Event: 0.163 Thread 0x0000000000f9d800 Exception <a 'java/lang/ClassNotFoundException': TreeCell> (0x00000000d6378f90) thrown at [C:\re\workspace\8-2-build-windows-amd64-cygwin\jdk8u171\10807\hotspot\src\share\vm\classfile\systemDictionary.cpp, line 210]
Event: 0.163 Thread 0x0000000000f9d800 Exception <a 'java/lang/ClassNotFoundException': RootPane> (0x00000000d63799f0) thrown at [C:\re\workspace\8-2-build-windows-amd64-cygwin\jdk8u171\10807\hotspot\src\share\vm\classfile\systemDictionary.cpp, line 210]
Event: 1.992 Thread 0x000000001a872800 Exception <a 'java/lang/NullPointerException'> (0x00000000d6db94a0) thrown at [C:\re\workspace\8-2-build-windows-amd64-cygwin\jdk8u171\10807\hotspot\src\share\vm\interpreter\linkResolver.cpp, line 1185]
Event: 2.016 Thread 0x000000001a9e7800 Exception <a 'java/lang/NullPointerException'> (0x00000000d6fde0c8) thrown at [C:\re\workspace\8-2-build-windows-amd64-cygwin\jdk8u171\10807\hotspot\src\share\vm\interpreter\linkResolver.cpp, line 1185]
Event: 2.016 Thread 0x000000001a9e7800 Exception <a 'java/lang/NullPointerException'> (0x00000000d6fde0c8) thrown at [C:\re\workspace\8-2-build-windows-amd64-cygwin\jdk8u171\10807\hotspot\src\share\vm\prims\jvm.cpp, line 1439]

Events (10 events):
Event: 6.180 loading class com/sun/javafx/scene/input/KeyCodeMap
Event: 6.180 loading class com/sun/javafx/scene/input/KeyCodeMap done
Event: 6.181 loading class com/sun/javafx/webkit/KeyCodeMap
Event: 6.181 loading class com/sun/javafx/webkit/KeyCodeMap done
Event: 6.181 loading class com/sun/javafx/webkit/KeyCodeMap$Entry
Event: 6.181 loading class com/sun/javafx/webkit/KeyCodeMap$Entry done
Event: 6.181 loading class com/sun/webkit/event/WCKeyEvent
Event: 6.181 loading class com/sun/webkit/event/WCKeyEvent done
Event: 6.182 loading class com/sun/javafx/scene/KeyboardShortcutsHandler$1
Event: 6.182 loading class com/sun/javafx/scene/KeyboardShortcutsHandler$1 done


Dynamic libraries:
0x00007ff67acc0000 - 0x00007ff67acf7000 	E:\NetBeans\jdk\bin\java.exe
0x00007ff925f20000 - 0x00007ff92610d000 	C:\WINDOWS\SYSTEM32\ntdll.dll
0x00007ff9231f0000 - 0x00007ff9232a3000 	C:\WINDOWS\System32\KERNEL32.DLL
0x00007ff922960000 - 0x00007ff922bf3000 	C:\WINDOWS\System32\KERNELBASE.dll
0x00007ff925e40000 - 0x00007ff925ee3000 	C:\WINDOWS\System32\ADVAPI32.dll
0x00007ff923a90000 - 0x00007ff923b2e000 	C:\WINDOWS\System32\msvcrt.dll
0x00007ff923150000 - 0x00007ff9231ee000 	C:\WINDOWS\System32\sechost.dll
0x00007ff925b80000 - 0x00007ff925ca2000 	C:\WINDOWS\System32\RPCRT4.dll
0x00007ff923460000 - 0x00007ff9235f7000 	C:\WINDOWS\System32\USER32.dll
0x00007ff922940000 - 0x00007ff922960000 	C:\WINDOWS\System32\win32u.dll
0x00007ff9244f0000 - 0x00007ff924519000 	C:\WINDOWS\System32\GDI32.dll
0x00007ff922c00000 - 0x00007ff922d9a000 	C:\WINDOWS\System32\gdi32full.dll
0x00007ff922e30000 - 0x00007ff922ed0000 	C:\WINDOWS\System32\msvcp_win.dll
0x00007ff922840000 - 0x00007ff92293a000 	C:\WINDOWS\System32\ucrtbase.dll
0x00007ff90e3c0000 - 0x00007ff90e639000 	C:\WINDOWS\WinSxS\amd64_microsoft.windows.common-controls_6595b64144ccf1df_6.0.17763.503_none_05b23ef40721f4ae\COMCTL32.dll
0x00007ff923b90000 - 0x00007ff923ebc000 	C:\WINDOWS\System32\combase.dll
0x00007ff922ed0000 - 0x00007ff922f4e000 	C:\WINDOWS\System32\bcryptPrimitives.dll
0x00007ff923600000 - 0x00007ff92362e000 	C:\WINDOWS\System32\IMM32.DLL
0x0000000077bc0000 - 0x0000000077c92000 	E:\NetBeans\jdk\jre\bin\msvcr100.dll
0x00000000766f0000 - 0x0000000076f90000 	E:\NetBeans\jdk\jre\bin\server\jvm.dll
0x00007ff924520000 - 0x00007ff924528000 	C:\WINDOWS\System32\PSAPI.DLL
0x00007ff91de40000 - 0x00007ff91de49000 	C:\WINDOWS\SYSTEM32\WSOCK32.dll
0x00007ff91d7f0000 - 0x00007ff91d7fa000 	C:\WINDOWS\SYSTEM32\VERSION.dll
0x00007ff918110000 - 0x00007ff918134000 	C:\WINDOWS\SYSTEM32\WINMM.dll
0x00007ff9239b0000 - 0x00007ff923a1d000 	C:\WINDOWS\System32\WS2_32.dll
0x00007ff9180e0000 - 0x00007ff91810d000 	C:\WINDOWS\SYSTEM32\winmmbase.dll
0x00007ff922740000 - 0x00007ff92278a000 	C:\WINDOWS\System32\cfgmgr32.dll
0x0000000050ca0000 - 0x0000000050caf000 	E:\NetBeans\jdk\jre\bin\verify.dll
0x0000000050c70000 - 0x0000000050c99000 	E:\NetBeans\jdk\jre\bin\java.dll
0x0000000050c50000 - 0x0000000050c66000 	E:\NetBeans\jdk\jre\bin\zip.dll
0x00007ff924690000 - 0x00007ff925b80000 	C:\WINDOWS\System32\SHELL32.dll
0x00007ff923630000 - 0x00007ff9236d8000 	C:\WINDOWS\System32\shcore.dll
0x00007ff921ff0000 - 0x00007ff92273a000 	C:\WINDOWS\System32\windows.storage.dll
0x00007ff921f80000 - 0x00007ff921fa4000 	C:\WINDOWS\System32\profapi.dll
0x00007ff921f20000 - 0x00007ff921f7d000 	C:\WINDOWS\System32\powrprof.dll
0x00007ff923a20000 - 0x00007ff923a72000 	C:\WINDOWS\System32\shlwapi.dll
0x00007ff921fd0000 - 0x00007ff921fe1000 	C:\WINDOWS\System32\kernel.appcore.dll
0x00007ff923130000 - 0x00007ff923147000 	C:\WINDOWS\System32\cryptsp.dll
0x0000000077a20000 - 0x0000000077bb8000 	E:\NetBeans\jdk\jre\bin\awt.dll
0x00007ff923330000 - 0x00007ff9233f4000 	C:\WINDOWS\System32\OLEAUT32.dll
0x00007ff91ffd0000 - 0x00007ff92005c000 	C:\WINDOWS\SYSTEM32\apphelp.dll
0x00007ff920260000 - 0x00007ff9202fc000 	C:\WINDOWS\system32\uxtheme.dll
0x00007ff923830000 - 0x00007ff92399a000 	C:\WINDOWS\System32\MSCTF.dll
0x00007ff920540000 - 0x00007ff92056e000 	C:\WINDOWS\system32\dwmapi.dll
0x00007ff922f50000 - 0x00007ff92312b000 	C:\WINDOWS\System32\CRYPT32.dll
0x00007ff921fb0000 - 0x00007ff921fc2000 	C:\WINDOWS\System32\MSASN1.dll
0x00007ff924530000 - 0x00007ff924685000 	C:\WINDOWS\System32\ole32.dll
0x00000000766a0000 - 0x00000000766e7000 	E:\NetBeans\jdk\jre\bin\fontmanager.dll
0x00007ff8f73f0000 - 0x00007ff8f7517000 	C:\WINDOWS\system32\opengl32.dll
0x00007ff8fe960000 - 0x00007ff8fe98c000 	C:\WINDOWS\SYSTEM32\GLU32.dll
0x00007ff91e970000 - 0x00007ff91ea05000 	C:\WINDOWS\System32\TextInputFramework.dll
0x00007ff91fdc0000 - 0x00007ff91fea2000 	C:\WINDOWS\System32\CoreMessaging.dll
0x00007ff91ab00000 - 0x00007ff91ae22000 	C:\WINDOWS\System32\CoreUIComponents.dll
0x00007ff920fc0000 - 0x00007ff920ff1000 	C:\WINDOWS\SYSTEM32\ntmarta.dll
0x00007ff91da40000 - 0x00007ff91db93000 	C:\WINDOWS\SYSTEM32\wintypes.dll
0x0000000076570000 - 0x000000007659a000 	E:\NetBeans\jdk\jre\bin\dcpr.dll
0x0000000050c30000 - 0x0000000050c4a000 	E:\NetBeans\jdk\jre\bin\net.dll
0x00007ff921740000 - 0x00007ff9217a7000 	C:\WINDOWS\system32\mswsock.dll
0x0000000050020000 - 0x0000000050031000 	E:\NetBeans\jdk\jre\bin\nio.dll
0x0000000076650000 - 0x0000000076692000 	E:\NetBeans\jdk\jre\bin\t2k.dll
0x00000000028e0000 - 0x00000000028e3000 	E:\NetBeans\jdk\jre\bin\api-ms-win-core-console-l1-1-0.dll
0x00000000028f0000 - 0x00000000028f3000 	E:\NetBeans\jdk\jre\bin\api-ms-win-core-datetime-l1-1-0.dll
0x0000000002900000 - 0x0000000002903000 	E:\NetBeans\jdk\jre\bin\api-ms-win-core-debug-l1-1-0.dll
0x000000001b3c0000 - 0x000000001b3c3000 	E:\NetBeans\jdk\jre\bin\api-ms-win-core-errorhandling-l1-1-0.dll
0x000000001b3d0000 - 0x000000001b3d4000 	E:\NetBeans\jdk\jre\bin\api-ms-win-core-file-l1-1-0.dll
0x000000001b3e0000 - 0x000000001b3e3000 	E:\NetBeans\jdk\jre\bin\api-ms-win-core-file-l1-2-0.dll
0x000000001b3f0000 - 0x000000001b3f3000 	E:\NetBeans\jdk\jre\bin\api-ms-win-core-file-l2-1-0.dll
0x000000001b400000 - 0x000000001b403000 	E:\NetBeans\jdk\jre\bin\api-ms-win-core-handle-l1-1-0.dll
0x000000001b420000 - 0x000000001b423000 	E:\NetBeans\jdk\jre\bin\api-ms-win-core-heap-l1-1-0.dll
0x000000001b430000 - 0x000000001b433000 	E:\NetBeans\jdk\jre\bin\api-ms-win-core-interlocked-l1-1-0.dll
0x000000001b440000 - 0x000000001b443000 	E:\NetBeans\jdk\jre\bin\api-ms-win-core-libraryloader-l1-1-0.dll
0x000000001b450000 - 0x000000001b453000 	E:\NetBeans\jdk\jre\bin\api-ms-win-core-localization-l1-2-0.dll
0x000000001b460000 - 0x000000001b463000 	E:\NetBeans\jdk\jre\bin\api-ms-win-core-memory-l1-1-0.dll
0x000000001b470000 - 0x000000001b473000 	E:\NetBeans\jdk\jre\bin\api-ms-win-core-namedpipe-l1-1-0.dll
0x000000001b480000 - 0x000000001b483000 	E:\NetBeans\jdk\jre\bin\api-ms-win-core-processenvironment-l1-1-0.dll
0x000000001b490000 - 0x000000001b493000 	E:\NetBeans\jdk\jre\bin\api-ms-win-core-processthreads-l1-1-0.dll
0x000000001b4a0000 - 0x000000001b4a3000 	E:\NetBeans\jdk\jre\bin\api-ms-win-core-processthreads-l1-1-1.dll
0x000000001b4b0000 - 0x000000001b4b3000 	E:\NetBeans\jdk\jre\bin\api-ms-win-core-profile-l1-1-0.dll
0x000000001b4c0000 - 0x000000001b4c3000 	E:\NetBeans\jdk\jre\bin\api-ms-win-core-rtlsupport-l1-1-0.dll
0x000000001b4d0000 - 0x000000001b4d3000 	E:\NetBeans\jdk\jre\bin\api-ms-win-core-string-l1-1-0.dll
0x000000001b4e0000 - 0x000000001b4e3000 	E:\NetBeans\jdk\jre\bin\api-ms-win-core-synch-l1-1-0.dll
0x000000001b4f0000 - 0x000000001b4f3000 	E:\NetBeans\jdk\jre\bin\api-ms-win-core-synch-l1-2-0.dll
0x000000001b500000 - 0x000000001b503000 	E:\NetBeans\jdk\jre\bin\api-ms-win-core-sysinfo-l1-1-0.dll
0x000000001b510000 - 0x000000001b513000 	E:\NetBeans\jdk\jre\bin\api-ms-win-core-timezone-l1-1-0.dll
0x000000001b520000 - 0x000000001b523000 	E:\NetBeans\jdk\jre\bin\api-ms-win-core-util-l1-1-0.dll
0x000000001b530000 - 0x000000001b533000 	E:\NetBeans\jdk\jre\bin\api-ms-win-crt-conio-l1-1-0.dll
0x000000001b540000 - 0x000000001b544000 	E:\NetBeans\jdk\jre\bin\api-ms-win-crt-convert-l1-1-0.dll
0x000000001b550000 - 0x000000001b553000 	E:\NetBeans\jdk\jre\bin\api-ms-win-crt-environment-l1-1-0.dll
0x000000001b560000 - 0x000000001b563000 	E:\NetBeans\jdk\jre\bin\api-ms-win-crt-filesystem-l1-1-0.dll
0x000000001b570000 - 0x000000001b573000 	E:\NetBeans\jdk\jre\bin\api-ms-win-crt-heap-l1-1-0.dll
0x000000001b580000 - 0x000000001b583000 	E:\NetBeans\jdk\jre\bin\api-ms-win-crt-locale-l1-1-0.dll
0x000000001b590000 - 0x000000001b595000 	E:\NetBeans\jdk\jre\bin\api-ms-win-crt-math-l1-1-0.dll
0x000000001b5a0000 - 0x000000001b5a5000 	E:\NetBeans\jdk\jre\bin\api-ms-win-crt-multibyte-l1-1-0.dll
0x000000001b5b0000 - 0x000000001b5c0000 	E:\NetBeans\jdk\jre\bin\api-ms-win-crt-private-l1-1-0.dll
0x000000001b5c0000 - 0x000000001b5c3000 	E:\NetBeans\jdk\jre\bin\api-ms-win-crt-process-l1-1-0.dll
0x000000001b5d0000 - 0x000000001b5d4000 	E:\NetBeans\jdk\jre\bin\api-ms-win-crt-runtime-l1-1-0.dll
0x000000001b5e0000 - 0x000000001b5e4000 	E:\NetBeans\jdk\jre\bin\api-ms-win-crt-stdio-l1-1-0.dll
0x000000001b5f0000 - 0x000000001b5f4000 	E:\NetBeans\jdk\jre\bin\api-ms-win-crt-string-l1-1-0.dll
0x000000001b600000 - 0x000000001b603000 	E:\NetBeans\jdk\jre\bin\api-ms-win-crt-time-l1-1-0.dll
0x000000001b610000 - 0x000000001b613000 	E:\NetBeans\jdk\jre\bin\api-ms-win-crt-utility-l1-1-0.dll
0x00007ff8f5aa0000 - 0x00007ff8f5b96000 	E:\NetBeans\jdk\jre\bin\ucrtbase.dll
0x00007ff8fa240000 - 0x00007ff8fa291000 	E:\NetBeans\jdk\jre\bin\concrt140.dll
0x00007ff904c30000 - 0x00007ff904c46000 	E:\NetBeans\jdk\jre\bin\VCRUNTIME140.dll
0x00007ff8f5810000 - 0x00007ff8f58ac000 	E:\NetBeans\jdk\jre\bin\MSVCP140.dll
0x00000000764c0000 - 0x00000000764e3000 	E:\NetBeans\jdk\jre\bin\prism_d3d.dll
0x00007ff9119f0000 - 0x00007ff911b8e000 	C:\WINDOWS\system32\d3d9.dll
0x00007ff8de6d0000 - 0x00007ff8e1f29000 	C:\WINDOWS\System32\DriverStore\FileRepository\igdlh64.inf_amd64_420c659363620fe7\igdumdim64.dll
0x00007ff923ec0000 - 0x00007ff924336000 	C:\WINDOWS\System32\SETUPAPI.dll
0x00007ff922da0000 - 0x00007ff922dc6000 	C:\WINDOWS\System32\bcrypt.dll
0x0000000076470000 - 0x00000000764b9000 	E:\NetBeans\jdk\jre\bin\glass.dll
0x00007ff925cb0000 - 0x00007ff925dd7000 	C:\WINDOWS\System32\COMDLG32.dll
0x00007ff908640000 - 0x00007ff909c42000 	C:\WINDOWS\System32\DriverStore\FileRepository\igdlh64.inf_amd64_420c659363620fe7\igc64.dll
0x00007ff9236e0000 - 0x00007ff923782000 	C:\WINDOWS\System32\clbcatq.dll
0x00007ff918750000 - 0x00007ff918908000 	C:\WINDOWS\SYSTEM32\WindowsCodecs.dll
0x00007ff90c8b0000 - 0x00007ff90c906000 	C:\WINDOWS\system32\dataexchange.dll
0x00007ff91ef40000 - 0x00007ff91f1be000 	C:\WINDOWS\system32\d3d11.dll
0x00007ff91f7b0000 - 0x00007ff91f973000 	C:\WINDOWS\system32\dcomp.dll
0x00007ff920bc0000 - 0x00007ff920c82000 	C:\WINDOWS\system32\dxgi.dll
0x00007ff920330000 - 0x00007ff92053d000 	C:\WINDOWS\system32\twinapi.appcore.dll
0x00007ff920570000 - 0x00007ff920598000 	C:\WINDOWS\system32\RMCLIENT.dll
0x0000000073350000 - 0x000000007646d000 	E:\NetBeans\jdk\jre\bin\jfxwebkit.dll
0x00007ff921300000 - 0x00007ff921333000 	C:\WINDOWS\system32\rsaenh.dll
0x00007ff921910000 - 0x00007ff92191c000 	C:\WINDOWS\SYSTEM32\CRYPTBASE.dll
0x0000000077a00000 - 0x0000000077a14000 	E:\NetBeans\jdk\jre\bin\javafx_font.dll
0x00007ff911ea0000 - 0x00007ff91219f000 	C:\WINDOWS\SYSTEM32\dwrite.dll
0x00007ff918fa0000 - 0x00007ff91918d000 	C:\WINDOWS\SYSTEM32\dbghelp.dll

VM Arguments:
jvm_args: -Dfile.encoding=UTF-8 
java_command: main.MainPage
java_class_path (initial): C:\Users\moham\Documents\NetBeansProjects\EXAM PORTAL\build\classes
Launcher Type: SUN_STANDARD

Environment Variables:
PATH=C:\Program Files (x86)\Intel\iCLS Client\;C:\Program Files\Intel\iCLS Client\;C:\Windows\system32;C:\Windows;C:\Windows\System32\Wbem;C:\Windows\System32\WindowsPowerShell\v1.0\;C:\Program Files (x86)\NVIDIA Corporation\PhysX\Common;C:\WINDOWS\system32;C:\WINDOWS;C:\WINDOWS\System32\Wbem;C:\WINDOWS\System32\WindowsPowerShell\v1.0\;C:\WINDOWS\System32\OpenSSH\;C:\Program Files (x86)\Intel\Intel(R) Management Engine Components\DAL;C:\Program Files\Intel\Intel(R) Management Engine Components\DAL;C:\Program Files (x86)\Intel\Intel(R) Management Engine Components\IPT;C:\Program Files\Intel\Intel(R) Management Engine Components\IPT;C:\Program Files\NVIDIA Corporation\NVIDIA NvDLISR;C:\Program Files (x86)\Windows Kits\8.1\Windows Performance Toolkit\;C:\Program Files\Microsoft SQL Server\110\Tools\Binn\;C:\Users\moham\AppData\Local\Microsoft\WindowsApps;
USERNAME=MOHAMED SHABEER KP
OS=Windows_NT
PROCESSOR_IDENTIFIER=Intel64 Family 6 Model 142 Stepping 10, GenuineIntel



---------------  S Y S T E M  ---------------

OS: Windows 10.0 , 64 bit Build 17763 (10.0.17763.475)

CPU:total 8 (initial active 8) (4 cores per cpu, 2 threads per core) family 6 model 142 stepping 10, cmov, cx8, fxsr, mmx, sse, sse2, sse3, ssse3, sse4.1, sse4.2, popcnt, avx, avx2, aes, clmul, erms, 3dnowpref, lzcnt, ht, tsc, tscinvbit, bmi1, bmi2, adx

Memory: 4k page, physical 8261220k(3900584k free), swap 13766244k(6386596k free)

vm_info: Java HotSpot(TM) 64-Bit Server VM (25.171-b11) for windows-amd64 JRE (1.8.0_171-b11), built on Mar 28 2018 16:06:12 by "java_re" with MS VC++ 10.0 (VS2010)

time: Mon Jul 08 23:51:48 2019
elapsed time: 6 seconds (0d 0h 0m 6s)

